<?xml version="1.0" encoding="UTF-8"?>
<!-- Generated by org.testng.reporters.JUnitReportReporter -->
<testsuite hostname="DungLam-PC" name="toolsqa.com.tests.HomePageTest" tests="1" failures="0" timestamp="6 Feb 2017 09:21:56 GMT" time="0.005" errors="0">
  <testcase name="testFlow1" time="0.005" classname="toolsqa.com.tests.HomePageTest"/>
</testsuite> <!-- toolsqa.com.tests.HomePageTest -->
